[ 2014-06-13T09:04:42+08:00 ] 127.0.0.1 /install.php
NOTIC: [8] Use of undefined constant GROUP_NAME - assumed 'GROUP_NAME' F:\wamp\www\p2c\framework\Lib\Core\App.class.php 第 61 行.
INFO: [ app_begin ] --START--
INFO: ReadHtmlCache Behavior ::run [ RunTime:0.001105s ]
INFO: [ app_begin ] --END-- [ RunTime:0.001192s ]
INFO: [ view_parse ] --START--
INFO: ParseTemplate Behavior ::run [ RunTime:0.031604s ]
INFO: [ view_parse ] --END-- [ RunTime:0.031715s ]
INFO: [ view_filter ] --START--
INFO: ContentReplace Behavior ::run [ RunTime:0.000657s ]
INFO: TokenBuild Behavior ::run [ RunTime:0.000763s ]
INFO: WriteHtmlCache Behavior ::run [ RunTime:0.000654s ]
INFO: ShowRuntime Behavior ::run [ RunTime:0.000780s ]
INFO: [ view_filter ] --END-- [ RunTime:0.003102s ]
INFO: [ view_end ] --START--
INFO: ShowPageTrace Behavior ::run [ RunTime:0.000811s ]
INFO: [ view_end ] --END-- [ RunTime:0.000894s ]

[ 2014-06-13T09:04:45+08:00 ] 127.0.0.1 /install.php/Index/install/step/1
INFO: [ route_check ] --START--
INFO: CheckRoute Behavior ::run [ RunTime:0.000814s ]
INFO: [ route_check ] --END-- [ RunTime:0.000904s ]
NOTIC: [8] Use of undefined constant GROUP_NAME - assumed 'GROUP_NAME' F:\wamp\www\p2c\framework\Lib\Core\App.class.php 第 61 行.
INFO: [ app_begin ] --START--
INFO: ReadHtmlCache Behavior ::run [ RunTime:0.000556s ]
INFO: [ app_begin ] --END-- [ RunTime:0.000631s ]
NOTIC: 建议使用I方法替代_get
INFO: [ view_parse ] --START--
NOTIC: [8] Undefined variable: s_lang F:\wamp\www\p2c\Install\Runtime\Cache\GROUP_NAME\87a47085e35556dc3204de01c62ee454.php 第 4 行.
INFO: ParseTemplate Behavior ::run [ RunTime:0.021914s ]
INFO: [ view_parse ] --END-- [ RunTime:0.022013s ]
INFO: [ view_filter ] --START--
INFO: ContentReplace Behavior ::run [ RunTime:0.000616s ]
INFO: TokenBuild Behavior ::run [ RunTime:0.000602s ]
INFO: WriteHtmlCache Behavior ::run [ RunTime:0.000478s ]
INFO: ShowRuntime Behavior ::run [ RunTime:0.000629s ]
INFO: [ view_filter ] --END-- [ RunTime:0.002519s ]
INFO: [ view_end ] --START--
INFO: ShowPageTrace Behavior ::run [ RunTime:0.000703s ]
INFO: [ view_end ] --END-- [ RunTime:0.000772s ]

[ 2014-06-13T09:04:46+08:00 ] 127.0.0.1 /install.php/Index/install/step/2
INFO: [ route_check ] --START--
INFO: CheckRoute Behavior ::run [ RunTime:0.000838s ]
INFO: [ route_check ] --END-- [ RunTime:0.000932s ]
NOTIC: [8] Use of undefined constant GROUP_NAME - assumed 'GROUP_NAME' F:\wamp\www\p2c\framework\Lib\Core\App.class.php 第 61 行.
INFO: [ app_begin ] --START--
INFO: ReadHtmlCache Behavior ::run [ RunTime:0.000752s ]
INFO: [ app_begin ] --END-- [ RunTime:0.000830s ]
NOTIC: 建议使用I方法替代_get
NOTIC: [8] Use of undefined constant _ - assumed '_' F:\wamp\www\p2c\Install\Lib\Action\IndexAction.class.php 第 85 行.
INFO: [ view_parse ] --START--
NOTIC: [8] Undefined variable: s_lang F:\wamp\www\p2c\Install\Runtime\Cache\GROUP_NAME\3408f6ad4ffc3e79a8293ef096cbd320.php 第 4 行.
INFO: ParseTemplate Behavior ::run [ RunTime:0.037952s ]
INFO: [ view_parse ] --END-- [ RunTime:0.038052s ]
INFO: [ view_filter ] --START--
INFO: ContentReplace Behavior ::run [ RunTime:0.000501s ]
INFO: TokenBuild Behavior ::run [ RunTime:0.000512s ]
INFO: WriteHtmlCache Behavior ::run [ RunTime:0.000482s ]
INFO: ShowRuntime Behavior ::run [ RunTime:0.000545s ]
INFO: [ view_filter ] --END-- [ RunTime:0.002259s ]
INFO: [ view_end ] --START--
INFO: ShowPageTrace Behavior ::run [ RunTime:0.000596s ]
INFO: [ view_end ] --END-- [ RunTime:0.000671s ]

[ 2014-06-13T09:04:46+08:00 ] 127.0.0.1 /install.php/Index/install/include/dedeajax2.js
INFO: [ route_check ] --START--
INFO: CheckRoute Behavior ::run [ RunTime:0.001286s ]
INFO: [ route_check ] --END-- [ RunTime:0.001396s ]
NOTIC: [8] Use of undefined constant GROUP_NAME - assumed 'GROUP_NAME' F:\wamp\www\p2c\framework\Lib\Core\App.class.php 第 61 行.
INFO: [ app_begin ] --START--
INFO: ReadHtmlCache Behavior ::run [ RunTime:0.000930s ]
INFO: [ app_begin ] --END-- [ RunTime:0.001002s ]
NOTIC: 建议使用I方法替代_get

[ 2014-06-13T09:04:51+08:00 ] 127.0.0.1 /install.php/Index/dbconnect?dbhost=localhost&dbuser=root&dbpwd=&dbname=p2c
INFO: [ route_check ] --START--
INFO: CheckRoute Behavior ::run [ RunTime:0.000699s ]
INFO: [ route_check ] --END-- [ RunTime:0.000785s ]
NOTIC: [8] Use of undefined constant GROUP_NAME - assumed 'GROUP_NAME' F:\wamp\www\p2c\framework\Lib\Core\App.class.php 第 61 行.
INFO: [ app_begin ] --START--
INFO: ReadHtmlCache Behavior ::run [ RunTime:0.000551s ]
INFO: [ app_begin ] --END-- [ RunTime:0.000616s ]
NOTIC: 建议使用I方法替代_get
NOTIC: 建议使用I方法替代_get
NOTIC: 建议使用I方法替代_get
NOTIC: 建议使用I方法替代_get

[ 2014-06-13T09:04:57+08:00 ] 127.0.0.1 /install.php/Index/install/step/3
INFO: [ route_check ] --START--
INFO: CheckRoute Behavior ::run [ RunTime:0.000700s ]
INFO: [ route_check ] --END-- [ RunTime:0.000786s ]
NOTIC: [8] Use of undefined constant GROUP_NAME - assumed 'GROUP_NAME' F:\wamp\www\p2c\framework\Lib\Core\App.class.php 第 61 行.
INFO: [ app_begin ] --START--
INFO: ReadHtmlCache Behavior ::run [ RunTime:0.000555s ]
INFO: [ app_begin ] --END-- [ RunTime:0.000631s ]
NOTIC: 建议使用I方法替代_get
NOTIC: 建议使用I方法替代_post
NOTIC: 建议使用I方法替代_post
NOTIC: 建议使用I方法替代_post
NOTIC: 建议使用I方法替代_post
NOTIC: 建议使用I方法替代_post
NOTIC: 建议使用I方法替代_post
NOTIC: 建议使用I方法替代_post
NOTIC: 建议使用I方法替代_post
NOTIC: 建议使用I方法替代_post
NOTIC: 建议使用I方法替代_post
NOTIC: [2] mysql_fetch_array() expects parameter 1 to be resource, boolean given F:\wamp\www\p2c\Install\Lib\Action\IndexAction.class.php 第 4464 行.
NOTIC: [8] Undefined variable: datalists F:\wamp\www\p2c\Install\Lib\Action\IndexAction.class.php 第 4468 行.
NOTIC: [2] Invalid argument supplied for foreach() F:\wamp\www\p2c\Install\Lib\Action\IndexAction.class.php 第 4468 行.

[ 2014-06-13T09:11:07+08:00 ] 127.0.0.1 /install.php
NOTIC: [8] Use of undefined constant GROUP_NAME - assumed 'GROUP_NAME' F:\wamp\www\p2c\framework\Lib\Core\App.class.php 第 61 行.
INFO: [ app_begin ] --START--
INFO: ReadHtmlCache Behavior ::run [ RunTime:0.001004s ]
INFO: [ app_begin ] --END-- [ RunTime:0.001112s ]
INFO: [ view_parse ] --START--
INFO: ParseTemplate Behavior ::run [ RunTime:0.009201s ]
INFO: [ view_parse ] --END-- [ RunTime:0.009353s ]
INFO: [ view_filter ] --START--
INFO: ContentReplace Behavior ::run [ RunTime:0.000665s ]
INFO: TokenBuild Behavior ::run [ RunTime:0.000576s ]
INFO: WriteHtmlCache Behavior ::run [ RunTime:0.000451s ]
INFO: ShowRuntime Behavior ::run [ RunTime:0.000621s ]
INFO: [ view_filter ] --END-- [ RunTime:0.002508s ]
INFO: [ view_end ] --START--
INFO: ShowPageTrace Behavior ::run [ RunTime:0.000691s ]
INFO: [ view_end ] --END-- [ RunTime:0.000758s ]

[ 2014-06-13T09:11:09+08:00 ] 127.0.0.1 /install.php/Index/install/step/1
INFO: [ route_check ] --START--
INFO: CheckRoute Behavior ::run [ RunTime:0.000815s ]
INFO: [ route_check ] --END-- [ RunTime:0.000906s ]
NOTIC: [8] Use of undefined constant GROUP_NAME - assumed 'GROUP_NAME' F:\wamp\www\p2c\framework\Lib\Core\App.class.php 第 61 行.
INFO: [ app_begin ] --START--
INFO: ReadHtmlCache Behavior ::run [ RunTime:0.000538s ]
INFO: [ app_begin ] --END-- [ RunTime:0.000608s ]
NOTIC: 建议使用I方法替代_get
INFO: [ view_parse ] --START--
NOTIC: [8] Undefined variable: s_lang F:\wamp\www\p2c\Install\Runtime\Cache\GROUP_NAME\87a47085e35556dc3204de01c62ee454.php 第 4 行.
INFO: ParseTemplate Behavior ::run [ RunTime:0.010809s ]
INFO: [ view_parse ] --END-- [ RunTime:0.010932s ]
INFO: [ view_filter ] --START--
INFO: ContentReplace Behavior ::run [ RunTime:0.000653s ]
INFO: TokenBuild Behavior ::run [ RunTime:0.000592s ]
INFO: WriteHtmlCache Behavior ::run [ RunTime:0.000463s ]
INFO: ShowRuntime Behavior ::run [ RunTime:0.000779s ]
INFO: [ view_filter ] --END-- [ RunTime:0.002687s ]
INFO: [ view_end ] --START--
INFO: ShowPageTrace Behavior ::run [ RunTime:0.000861s ]
INFO: [ view_end ] --END-- [ RunTime:0.000938s ]

[ 2014-06-13T09:11:10+08:00 ] 127.0.0.1 /install.php/Index/install/step/2
INFO: [ route_check ] --START--
INFO: CheckRoute Behavior ::run [ RunTime:0.000822s ]
INFO: [ route_check ] --END-- [ RunTime:0.000916s ]
NOTIC: [8] Use of undefined constant GROUP_NAME - assumed 'GROUP_NAME' F:\wamp\www\p2c\framework\Lib\Core\App.class.php 第 61 行.
INFO: [ app_begin ] --START--
INFO: ReadHtmlCache Behavior ::run [ RunTime:0.000716s ]
INFO: [ app_begin ] --END-- [ RunTime:0.000791s ]
NOTIC: 建议使用I方法替代_get
NOTIC: [8] Use of undefined constant _ - assumed '_' F:\wamp\www\p2c\Install\Lib\Action\IndexAction.class.php 第 85 行.
INFO: [ view_parse ] --START--
NOTIC: [8] Undefined variable: s_lang F:\wamp\www\p2c\Install\Runtime\Cache\GROUP_NAME\3408f6ad4ffc3e79a8293ef096cbd320.php 第 4 行.
INFO: ParseTemplate Behavior ::run [ RunTime:0.007552s ]
INFO: [ view_parse ] --END-- [ RunTime:0.007640s ]
INFO: [ view_filter ] --START--
INFO: ContentReplace Behavior ::run [ RunTime:0.000676s ]
INFO: TokenBuild Behavior ::run [ RunTime:0.000530s ]
INFO: WriteHtmlCache Behavior ::run [ RunTime:0.000399s ]
INFO: ShowRuntime Behavior ::run [ RunTime:0.000522s ]
INFO: [ view_filter ] --END-- [ RunTime:0.002350s ]
INFO: [ view_end ] --START--
INFO: ShowPageTrace Behavior ::run [ RunTime:0.000595s ]
INFO: [ view_end ] --END-- [ RunTime:0.000663s ]

[ 2014-06-13T09:11:10+08:00 ] 127.0.0.1 /install.php/Index/install/include/dedeajax2.js
INFO: [ route_check ] --START--
INFO: CheckRoute Behavior ::run [ RunTime:0.000723s ]
INFO: [ route_check ] --END-- [ RunTime:0.000820s ]
NOTIC: [8] Use of undefined constant GROUP_NAME - assumed 'GROUP_NAME' F:\wamp\www\p2c\framework\Lib\Core\App.class.php 第 61 行.
INFO: [ app_begin ] --START--
INFO: ReadHtmlCache Behavior ::run [ RunTime:0.000538s ]
INFO: [ app_begin ] --END-- [ RunTime:0.000609s ]
NOTIC: 建议使用I方法替代_get

[ 2014-06-13T09:11:14+08:00 ] 127.0.0.1 /install.php/Index/dbconnect?dbhost=localhost&dbuser=root&dbpwd=&dbname=p2c
INFO: [ route_check ] --START--
INFO: CheckRoute Behavior ::run [ RunTime:0.000711s ]
INFO: [ route_check ] --END-- [ RunTime:0.000811s ]
NOTIC: [8] Use of undefined constant GROUP_NAME - assumed 'GROUP_NAME' F:\wamp\www\p2c\framework\Lib\Core\App.class.php 第 61 行.
INFO: [ app_begin ] --START--
INFO: ReadHtmlCache Behavior ::run [ RunTime:0.000543s ]
INFO: [ app_begin ] --END-- [ RunTime:0.000601s ]
NOTIC: 建议使用I方法替代_get
NOTIC: 建议使用I方法替代_get
NOTIC: 建议使用I方法替代_get
NOTIC: 建议使用I方法替代_get

[ 2014-06-13T09:11:18+08:00 ] 127.0.0.1 /install.php/Index/install/step/3
INFO: [ route_check ] --START--
INFO: CheckRoute Behavior ::run [ RunTime:0.000747s ]
INFO: [ route_check ] --END-- [ RunTime:0.000843s ]
NOTIC: [8] Use of undefined constant GROUP_NAME - assumed 'GROUP_NAME' F:\wamp\www\p2c\framework\Lib\Core\App.class.php 第 61 行.
INFO: [ app_begin ] --START--
INFO: ReadHtmlCache Behavior ::run [ RunTime:0.000630s ]
INFO: [ app_begin ] --END-- [ RunTime:0.000722s ]
NOTIC: 建议使用I方法替代_get
NOTIC: 建议使用I方法替代_post
NOTIC: 建议使用I方法替代_post
NOTIC: 建议使用I方法替代_post
NOTIC: 建议使用I方法替代_post
NOTIC: 建议使用I方法替代_post
NOTIC: 建议使用I方法替代_post
NOTIC: 建议使用I方法替代_post
NOTIC: 建议使用I方法替代_post
NOTIC: 建议使用I方法替代_post
NOTIC: 建议使用I方法替代_post
NOTIC: [2] mysql_fetch_array() expects parameter 1 to be resource, boolean given F:\wamp\www\p2c\Install\Lib\Action\IndexAction.class.php 第 4464 行.
NOTIC: [8] Undefined variable: datalists F:\wamp\www\p2c\Install\Lib\Action\IndexAction.class.php 第 4468 行.
NOTIC: [2] Invalid argument supplied for foreach() F:\wamp\www\p2c\Install\Lib\Action\IndexAction.class.php 第 4468 行.

[ 2014-06-13T09:22:10+08:00 ] 127.0.0.1 /install.php
NOTIC: [8] Use of undefined constant GROUP_NAME - assumed 'GROUP_NAME' F:\wamp\www\p2c\framework\Lib\Core\App.class.php 第 61 行.
INFO: [ app_begin ] --START--
INFO: ReadHtmlCache Behavior ::run [ RunTime:0.000936s ]
INFO: [ app_begin ] --END-- [ RunTime:0.001034s ]
INFO: [ view_parse ] --START--
INFO: ParseTemplate Behavior ::run [ RunTime:0.008608s ]
INFO: [ view_parse ] --END-- [ RunTime:0.008716s ]
INFO: [ view_filter ] --START--
INFO: ContentReplace Behavior ::run [ RunTime:0.000608s ]
INFO: TokenBuild Behavior ::run [ RunTime:0.000570s ]
INFO: WriteHtmlCache Behavior ::run [ RunTime:0.000460s ]
INFO: ShowRuntime Behavior ::run [ RunTime:0.000632s ]
INFO: [ view_filter ] --END-- [ RunTime:0.002483s ]
INFO: [ view_end ] --START--
INFO: ShowPageTrace Behavior ::run [ RunTime:0.000705s ]
INFO: [ view_end ] --END-- [ RunTime:0.000774s ]

[ 2014-06-13T09:22:12+08:00 ] 127.0.0.1 /install.php/Index/install/step/1
INFO: [ route_check ] --START--
INFO: CheckRoute Behavior ::run [ RunTime:0.000820s ]
INFO: [ route_check ] --END-- [ RunTime:0.000916s ]
NOTIC: [8] Use of undefined constant GROUP_NAME - assumed 'GROUP_NAME' F:\wamp\www\p2c\framework\Lib\Core\App.class.php 第 61 行.
INFO: [ app_begin ] --START--
INFO: ReadHtmlCache Behavior ::run [ RunTime:0.000578s ]
INFO: [ app_begin ] --END-- [ RunTime:0.000656s ]
NOTIC: 建议使用I方法替代_get
INFO: [ view_parse ] --START--
NOTIC: [8] Undefined variable: s_lang F:\wamp\www\p2c\Install\Runtime\Cache\GROUP_NAME\87a47085e35556dc3204de01c62ee454.php 第 4 行.
INFO: ParseTemplate Behavior ::run [ RunTime:0.011117s ]
INFO: [ view_parse ] --END-- [ RunTime:0.011219s ]
INFO: [ view_filter ] --START--
INFO: ContentReplace Behavior ::run [ RunTime:0.000662s ]
INFO: TokenBuild Behavior ::run [ RunTime:0.000605s ]
INFO: WriteHtmlCache Behavior ::run [ RunTime:0.000527s ]
INFO: ShowRuntime Behavior ::run [ RunTime:0.000689s ]
INFO: [ view_filter ] --END-- [ RunTime:0.002693s ]
INFO: [ view_end ] --START--
INFO: ShowPageTrace Behavior ::run [ RunTime:0.000749s ]
INFO: [ view_end ] --END-- [ RunTime:0.000818s ]

[ 2014-06-13T09:22:13+08:00 ] 127.0.0.1 /install.php/Index/install/step/2
INFO: [ route_check ] --START--
INFO: CheckRoute Behavior ::run [ RunTime:0.000830s ]
INFO: [ route_check ] --END-- [ RunTime:0.000928s ]
NOTIC: [8] Use of undefined constant GROUP_NAME - assumed 'GROUP_NAME' F:\wamp\www\p2c\framework\Lib\Core\App.class.php 第 61 行.
INFO: [ app_begin ] --START--
INFO: ReadHtmlCache Behavior ::run [ RunTime:0.000683s ]
INFO: [ app_begin ] --END-- [ RunTime:0.000762s ]
NOTIC: 建议使用I方法替代_get
NOTIC: [8] Use of undefined constant _ - assumed '_' F:\wamp\www\p2c\Install\Lib\Action\IndexAction.class.php 第 85 行.
INFO: [ view_parse ] --START--
NOTIC: [8] Undefined variable: s_lang F:\wamp\www\p2c\Install\Runtime\Cache\GROUP_NAME\3408f6ad4ffc3e79a8293ef096cbd320.php 第 4 行.
INFO: ParseTemplate Behavior ::run [ RunTime:0.007645s ]
INFO: [ view_parse ] --END-- [ RunTime:0.007731s ]
INFO: [ view_filter ] --START--
INFO: ContentReplace Behavior ::run [ RunTime:0.000696s ]
INFO: TokenBuild Behavior ::run [ RunTime:0.000536s ]
INFO: WriteHtmlCache Behavior ::run [ RunTime:0.000386s ]
INFO: ShowRuntime Behavior ::run [ RunTime:0.000520s ]
INFO: [ view_filter ] --END-- [ RunTime:0.002367s ]
INFO: [ view_end ] --START--
INFO: ShowPageTrace Behavior ::run [ RunTime:0.000622s ]
INFO: [ view_end ] --END-- [ RunTime:0.000694s ]

[ 2014-06-13T09:22:13+08:00 ] 127.0.0.1 /install.php/Index/install/include/dedeajax2.js
INFO: [ route_check ] --START--
INFO: CheckRoute Behavior ::run [ RunTime:0.000818s ]
INFO: [ route_check ] --END-- [ RunTime:0.000917s ]
NOTIC: [8] Use of undefined constant GROUP_NAME - assumed 'GROUP_NAME' F:\wamp\www\p2c\framework\Lib\Core\App.class.php 第 61 行.
INFO: [ app_begin ] --START--
INFO: ReadHtmlCache Behavior ::run [ RunTime:0.000572s ]
INFO: [ app_begin ] --END-- [ RunTime:0.000651s ]
NOTIC: 建议使用I方法替代_get

[ 2014-06-13T09:22:18+08:00 ] 127.0.0.1 /install.php/Index/dbconnect?dbhost=localhost&dbuser=root&dbpwd=&dbname=p2c
INFO: [ route_check ] --START--
INFO: CheckRoute Behavior ::run [ RunTime:0.000683s ]
INFO: [ route_check ] --END-- [ RunTime:0.000768s ]
NOTIC: [8] Use of undefined constant GROUP_NAME - assumed 'GROUP_NAME' F:\wamp\www\p2c\framework\Lib\Core\App.class.php 第 61 行.
INFO: [ app_begin ] --START--
INFO: ReadHtmlCache Behavior ::run [ RunTime:0.000561s ]
INFO: [ app_begin ] --END-- [ RunTime:0.000627s ]
NOTIC: 建议使用I方法替代_get
NOTIC: 建议使用I方法替代_get
NOTIC: 建议使用I方法替代_get
NOTIC: 建议使用I方法替代_get

[ 2014-06-13T09:22:22+08:00 ] 127.0.0.1 /install.php/Index/install/step/3
INFO: [ route_check ] --START--
INFO: CheckRoute Behavior ::run [ RunTime:0.000696s ]
INFO: [ route_check ] --END-- [ RunTime:0.000783s ]
NOTIC: [8] Use of undefined constant GROUP_NAME - assumed 'GROUP_NAME' F:\wamp\www\p2c\framework\Lib\Core\App.class.php 第 61 行.
INFO: [ app_begin ] --START--
INFO: ReadHtmlCache Behavior ::run [ RunTime:0.000566s ]
INFO: [ app_begin ] --END-- [ RunTime:0.000645s ]
NOTIC: 建议使用I方法替代_get
NOTIC: 建议使用I方法替代_post
NOTIC: 建议使用I方法替代_post
NOTIC: 建议使用I方法替代_post
NOTIC: 建议使用I方法替代_post
NOTIC: 建议使用I方法替代_post
NOTIC: 建议使用I方法替代_post
NOTIC: 建议使用I方法替代_post
NOTIC: 建议使用I方法替代_post
NOTIC: 建议使用I方法替代_post
NOTIC: 建议使用I方法替代_post
NOTIC: [2] mysql_fetch_array() expects parameter 1 to be resource, boolean given F:\wamp\www\p2c\Install\Lib\Action\IndexAction.class.php 第 4463 行.
NOTIC: [8] Undefined variable: datalists F:\wamp\www\p2c\Install\Lib\Action\IndexAction.class.php 第 4467 行.
NOTIC: [2] Invalid argument supplied for foreach() F:\wamp\www\p2c\Install\Lib\Action\IndexAction.class.php 第 4467 行.

